\BOOKMARK [1][-]{section.1}{Introdu\347\343o}{}% 1
\BOOKMARK [2][-]{subsection.1.1}{O Projeto Media Cloud Brasil}{section.1}% 2
\BOOKMARK [2][-]{subsection.1.2}{Referencial Te\363rico}{section.1}% 3
\BOOKMARK [3][-]{subsubsection.1.2.1}{O Modelo SIR}{subsection.1.2}% 4
\BOOKMARK [3][-]{subsubsection.1.2.2}{O Espalhamento de Not\355cias como um Processo de Cont\341gio}{subsection.1.2}% 5
\BOOKMARK [3][-]{subsubsection.1.2.3}{Processos Epidemiol\363gicos em Redes Complexas}{subsection.1.2}% 6
\BOOKMARK [3][-]{subsubsection.1.2.4}{Processamento de Linguagem Natural}{subsection.1.2}% 7
\BOOKMARK [2][-]{subsection.1.3}{Objetivo}{section.1}% 8
\BOOKMARK [1][-]{section.2}{Metodologia}{}% 9
\BOOKMARK [2][-]{subsection.2.1}{Rede de Dissemina\347\343o Real}{section.2}% 10
\BOOKMARK [3][-]{subsubsection.2.1.1}{Matriz de Documentos}{subsection.2.1}% 11
\BOOKMARK [3][-]{subsubsection.2.1.2}{Constru\347\343o da Rede}{subsection.2.1}% 12
\BOOKMARK [2][-]{subsection.2.2}{Simula\347\343o Rede de Dissemina\347\343o}{section.2}% 13
\BOOKMARK [3][-]{subsubsection.2.2.1}{Cria\347\343o Rede Completa}{subsection.2.2}% 14
\BOOKMARK [3][-]{subsubsection.2.2.2}{Simula\347\343o}{subsection.2.2}% 15
\BOOKMARK [1][-]{section.3}{Resultados e Discuss\343o}{}% 16
\BOOKMARK [2][-]{subsection.3.1}{Rede de Dissemina\347\343o Real}{section.3}% 17
\BOOKMARK [3][-]{subsubsection.3.1.1}{Definindo Par\342metros}{subsection.3.1}% 18
\BOOKMARK [3][-]{subsubsection.3.1.2}{Visualiza\347\365es da Rede Real}{subsection.3.1}% 19
\BOOKMARK [2][-]{subsection.3.2}{Simula\347\343o Rede de Dissemina\347\343o}{section.3}% 20
\BOOKMARK [3][-]{subsubsection.3.2.1}{Resultado Simula\347\343o}{subsection.3.2}% 21
\BOOKMARK [3][-]{subsubsection.3.2.2}{Rede Simulada}{subsection.3.2}% 22
\BOOKMARK [3][-]{subsubsection.3.2.3}{Visualiza\347\365es da Rede Simulada}{subsection.3.2}% 23
\BOOKMARK [3][-]{subsubsection.3.2.4}{Valida\347\343o da Rede Simulada}{subsection.3.2}% 24
\BOOKMARK [1][-]{section.4}{Conclus\365es e Considera\347\365es Finais}{}% 25
\BOOKMARK [2][-]{subsection.4.1}{Trabalhos Futuros}{section.4}% 26
\BOOKMARK [1][-]{section*.4}{Refer\352ncias}{}% 27
